<?xml version="1.0" encoding="UTF-8"?>
<!-- Generated by org.testng.reporters.JUnitXMLReporter -->
<testsuite hostname="DESKTOP-EV4VKSA" ignored="0" name="Default test" tests="3" failures="0" timestamp="09 Nov 2018 10:34:22 GMT" time="98.928" errors="0">
  <testcase name="createAccountsWithValidataData" time="27.356" classname="com.crm.testscripts.AdminTests"/>
  <testcase name="editAccountWithValidData" time="4.669" classname="com.crm.testscripts.AdminTests"/>
  <testcase name="removeCreateAccount" time="0.386" classname="com.crm.testscripts.AdminTests"/>
</testsuite> <!-- Default test -->
