<?xml version="1.0" encoding="UTF-8"?>
<!-- Generated by org.testng.reporters.JUnitXMLReporter -->
<testsuite hostname="DESKTOP-EV4VKSA" ignored="0" name="Test" tests="3" failures="0" timestamp="24 Aug 2018 16:00:43 GMT" time="311.0" errors="0">
  <testcase name="@BeforeClass init" time="310.763" classname="com.crm.testscripts.AdminTests">
    <failure type="java.lang.NullPointerException">
      <![CDATA[java.lang.NullPointerException
at com.crm.utils.Common.insertText(Common.java:88)
at com.crm.services.CrmServices.loginToCrm(CrmServices.java:24)
at com.crm.testscripts.AdminTests.init(AdminTests.java:22)
... Removed 26 stack frames]]>
    </failure>
  </testcase> <!-- @BeforeClass init -->
  <testcase name="createAccountsWithValidataData" time="0.0" classname="com.crm.testscripts.AdminTests">
    <skipped/>
  </testcase> <!-- createAccountsWithValidataData -->
  <testcase name="editAccountWithValidData" time="0.0" classname="com.crm.testscripts.AdminTests">
    <skipped/>
  </testcase> <!-- editAccountWithValidData -->
  <testcase name="removeCreateAccount" time="0.0" classname="com.crm.testscripts.AdminTests">
    <skipped/>
  </testcase> <!-- removeCreateAccount -->
</testsuite> <!-- Test -->
